# JRE version: OpenJDK Runtime Environment (17.0.6) (build 17.0.6+0-b2043.56-10027231)
# Java VM: OpenJDK 64-Bit Server VM (17.0.6+0-b2043.56-10027231, mixed mode, tiered, compressed oops, compressed class ptrs, g1 gc, windows-amd64)
GC Precious Log:
 CPUs: 12 total, 12 available
 Memory: 15693M
 Large Page Support: Disabled
 NUMA Support: Disabled
 Compressed Oops: Enabled (32-bit)
 Heap Region Size: 1M
 Heap Min Capacity: 8M
 Heap Initial Capacity: 246M
 Heap Max Capacity: 2G
 Pre-touch: Disabled
 Parallel Workers: 10
 Concurrent Workers: 3
 Concurrent Refinement Workers: 10
 Periodic GC: Disabled
Heap:
 garbage-first heap   total 209920K, used 103468K [0x0000000080000000, 0x0000000100000000)
  region size 1024K, 3 young (3072K), 3 survivors (3072K)
 Metaspace       used 84921K, committed 85632K, reserved 1130496K
  class space    used 11508K, committed 11840K, reserved 1048576K
GC Heap History (20 events):
Event: 11.484 GC heap after
{Heap after GC invocations=24 (full 0):
 garbage-first heap   total 186368K, used 75698K [0x0000000080000000, 0x0000000100000000)
  region size 1024K, 2 young (2048K), 2 survivors (2048K)
 Metaspace       used 56153K, committed 56832K, reserved 1105920K
  class space    used 7572K, committed 7872K, reserved 1048576K
}
Event: 11.692 GC heap before
{Heap before GC invocations=24 (full 0):
 garbage-first heap   total 186368K, used 89010K [0x0000000080000000, 0x0000000100000000)
  region size 1024K, 17 young (17408K), 2 survivors (2048K)
 Metaspace       used 56418K, committed 57024K, reserved 1105920K
  class space    used 7596K, committed 7872K, reserved 1048576K
}
Event: 11.694 GC heap after
{Heap after GC invocations=25 (full 0):
 garbage-first heap   total 186368K, used 78123K [0x0000000080000000, 0x0000000100000000)
  region size 1024K, 4 young (4096K), 4 survivors (4096K)
 Metaspace       used 56418K, committed 57024K, reserved 1105920K
  class space    used 7596K, committed 7872K, reserved 1048576K
}
Event: 12.897 GC heap before
{Heap before GC invocations=26 (full 0):
 garbage-first heap   total 186368K, used 145707K [0x0000000080000000, 0x0000000100000000)
  region size 1024K, 66 young (67584K), 4 survivors (4096K)
 Metaspace       used 65366K, committed 66048K, reserved 1105920K
  class space    used 8720K, committed 9024K, reserved 1048576K
}
Event: 12.903 GC heap after
{Heap after GC invocations=27 (full 0):
 garbage-first heap   total 186368K, used 87651K [0x0000000080000000, 0x0000000100000000)
  region size 1024K, 9 young (9216K), 9 survivors (9216K)
 Metaspace       used 65366K, committed 66048K, reserved 1105920K
  class space    used 8720K, committed 9024K, reserved 1048576K
}
Event: 12.937 GC heap before
{Heap before GC invocations=27 (full 0):
 garbage-first heap   total 186368K, used 88675K [0x0000000080000000, 0x0000000100000000)
  region size 1024K, 10 young (10240K), 9 survivors (9216K)
 Metaspace       used 65694K, committed 66432K, reserved 1105920K
  class space    used 8762K, committed 9088K, reserved 1048576K
}
Event: 12.940 GC heap after
{Heap after GC invocations=28 (full 0):
 garbage-first heap   total 186368K, used 88401K [0x0000000080000000, 0x0000000100000000)
  region size 1024K, 1 young (1024K), 1 survivors (1024K)
 Metaspace       used 65694K, committed 66432K, reserved 1105920K
  class space    used 8762K, committed 9088K, reserved 1048576K
}
Event: 13.177 GC heap before
{Heap before GC invocations=28 (full 0):
 garbage-first heap   total 186368K, used 99665K [0x0000000080000000, 0x0000000100000000)
  region size 1024K, 13 young (13312K), 1 survivors (1024K)
 Metaspace       used 67836K, committed 68544K, reserved 1114112K
  class space    used 9034K, committed 9344K, reserved 1048576K
}
Event: 13.180 GC heap after
{Heap after GC invocations=29 (full 0):
 garbage-first heap   total 186368K, used 89298K [0x0000000080000000, 0x0000000100000000)
  region size 1024K, 2 young (2048K), 2 survivors (2048K)
 Metaspace       used 67836K, committed 68544K, reserved 1114112K
  class space    used 9034K, committed 9344K, reserved 1048576K
}
Event: 14.390 GC heap before
{Heap before GC invocations=30 (full 0):
 garbage-first heap   total 186368K, used 154834K [0x0000000080000000, 0x0000000100000000)
  region size 1024K, 60 young (61440K), 2 survivors (2048K)
 Metaspace       used 72839K, committed 73536K, reserved 1114112K
  class space    used 9729K, committed 10048K, reserved 1048576K
}
Event: 14.394 GC heap after
{Heap after GC invocations=31 (full 0):
 garbage-first heap   total 186368K, used 93463K [0x0000000080000000, 0x0000000100000000)
  region size 1024K, 6 young (6144K), 6 survivors (6144K)
 Metaspace       used 72839K, committed 73536K, reserved 1114112K
  class space    used 9729K, committed 10048K, reserved 1048576K
}
Event: 14.449 GC heap before
{Heap before GC invocations=31 (full 0):
 garbage-first heap   total 186368K, used 95511K [0x0000000080000000, 0x0000000100000000)
  region size 1024K, 9 young (9216K), 6 survivors (6144K)
 Metaspace       used 73323K, committed 74048K, reserved 1114112K
  class space    used 9796K, committed 10112K, reserved 1048576K
}
Event: 14.452 GC heap after
{Heap after GC invocations=32 (full 0):
 garbage-first heap   total 186368K, used 93844K [0x0000000080000000, 0x0000000100000000)
  region size 1024K, 1 young (1024K), 1 survivors (1024K)
 Metaspace       used 73323K, committed 74048K, reserved 1114112K
  class space    used 9796K, committed 10112K, reserved 1048576K
}
Event: 15.302 GC heap before
{Heap before GC invocations=32 (full 0):
 garbage-first heap   total 186368K, used 150164K [0x0000000080000000, 0x0000000100000000)
  region size 1024K, 57 young (58368K), 1 survivors (1024K)
 Metaspace       used 78359K, committed 79040K, reserved 1122304K
  class space    used 10446K, committed 10752K, reserved 1048576K
}
Event: 15.306 GC heap after
{Heap after GC invocations=33 (full 0):
 garbage-first heap   total 186368K, used 98665K [0x0000000080000000, 0x0000000100000000)
  region size 1024K, 6 young (6144K), 6 survivors (6144K)
 Metaspace       used 78359K, committed 79040K, reserved 1122304K
  class space    used 10446K, committed 10752K, reserved 1048576K
}
Event: 16.123 GC heap before
{Heap before GC invocations=34 (full 0):
 garbage-first heap   total 186368K, used 151913K [0x0000000080000000, 0x0000000100000000)
  region size 1024K, 58 young (59392K), 6 survivors (6144K)
 Metaspace       used 84518K, committed 85184K, reserved 1122304K
  class space    used 11473K, committed 11776K, reserved 1048576K
}
Event: 16.128 GC heap after
{Heap after GC invocations=35 (full 0):
 garbage-first heap   total 186368K, used 102944K [0x0000000080000000, 0x0000000100000000)
  region size 1024K, 5 young (5120K), 5 survivors (5120K)
 Metaspace       used 84518K, committed 85184K, reserved 1122304K
  class space    used 11473K, committed 11776K, reserved 1048576K
}
Event: 16.163 GC heap before
{Heap before GC invocations=35 (full 0):
 garbage-first heap   total 186368K, used 107040K [0x0000000080000000, 0x0000000100000000)
  region size 1024K, 9 young (9216K), 5 survivors (5120K)
 Metaspace       used 84752K, committed 85376K, reserved 1122304K
  class space    used 11488K, committed 11776K, reserved 1048576K
}
Event: 16.167 GC heap after
{Heap after GC invocations=36 (full 0):
 garbage-first heap   total 186368K, used 102936K [0x0000000080000000, 0x0000000100000000)
  region size 1024K, 2 young (2048K), 2 survivors (2048K)
 Metaspace       used 84752K, committed 85376K, reserved 1122304K
  class space    used 11488K, committed 11776K, reserved 1048576K
}
Event: 16.184 GC heap before
{Heap before GC invocations=36 (full 0):
 garbage-first heap   total 186368K, used 103960K [0x0000000080000000, 0x0000000100000000)
  region size 1024K, 4 young (4096K), 2 survivors (2048K)
 Metaspace       used 84921K, committed 85632K, reserved 1130496K
  class space    used 11508K, committed 11840K, reserved 1048576K
}

